2025-11-23 21:36:31,099 INFO o.a.j.u.JMeterUtils: Setting Locale to en_EN
2025-11-23 21:36:31,111 INFO o.a.j.JMeter: Loading user properties from: /opt/apache-jmeter-5.5/bin/user.properties
2025-11-23 21:36:31,111 INFO o.a.j.JMeter: Loading system properties from: /opt/apache-jmeter-5.5/bin/system.properties
2025-11-23 21:36:31,111 INFO o.a.j.JMeter: Setting JMeter property: THREADS=1
2025-11-23 21:36:31,111 INFO o.a.j.JMeter: Setting JMeter property: RAMP_UP=10
2025-11-23 21:36:31,111 INFO o.a.j.JMeter: Setting JMeter property: LOOPS=1
2025-11-23 21:36:31,111 INFO o.a.j.JMeter: Setting JMeter property: HOST=app
2025-11-23 21:36:31,111 INFO o.a.j.JMeter: Setting JMeter property: PORT=8080
2025-11-23 21:36:31,117 INFO o.a.j.JMeter: Copyright (c) 1998-2022 The Apache Software Foundation
2025-11-23 21:36:31,117 INFO o.a.j.JMeter: Version 5.5
2025-11-23 21:36:31,117 INFO o.a.j.JMeter: java.version=1.8.0_275
2025-11-23 21:36:31,117 INFO o.a.j.JMeter: java.vm.name=OpenJDK 64-Bit Server VM
2025-11-23 21:36:31,117 INFO o.a.j.JMeter: os.name=Linux
2025-11-23 21:36:31,117 INFO o.a.j.JMeter: os.arch=amd64
2025-11-23 21:36:31,117 INFO o.a.j.JMeter: os.version=6.14.0-34-generic
2025-11-23 21:36:31,117 INFO o.a.j.JMeter: file.encoding=UTF-8
2025-11-23 21:36:31,117 INFO o.a.j.JMeter: java.awt.headless=true
2025-11-23 21:36:31,118 INFO o.a.j.JMeter: Max memory     =1073741824
2025-11-23 21:36:31,118 INFO o.a.j.JMeter: Available Processors =16
2025-11-23 21:36:31,123 INFO o.a.j.JMeter: Default Locale=English (EN)
2025-11-23 21:36:31,123 INFO o.a.j.JMeter: JMeter  Locale=English (EN)
2025-11-23 21:36:31,123 INFO o.a.j.JMeter: JMeterHome=/opt/apache-jmeter-5.5
2025-11-23 21:36:31,123 INFO o.a.j.JMeter: user.dir  =/
2025-11-23 21:36:31,124 INFO o.a.j.JMeter: PWD       =/
2025-11-23 21:36:31,124 INFO o.a.j.JMeter: IP: 172.26.0.4 Name: 67c9dd7003d4 FullName: 67c9dd7003d4
2025-11-23 21:36:31,143 INFO o.a.j.s.FileServer: Default base='/'
2025-11-23 21:36:31,144 INFO o.a.j.s.FileServer: Set new base='/tests'
2025-11-23 21:36:31,246 INFO o.a.j.s.SaveService: Testplan (JMX) version: 2.2. Testlog (JTL) version: 2.2
2025-11-23 21:36:31,265 INFO o.a.j.s.SaveService: Using SaveService properties file encoding UTF-8
2025-11-23 21:36:31,270 INFO o.a.j.s.SaveService: Using SaveService properties version 5.0
2025-11-23 21:36:31,275 INFO o.a.j.s.SaveService: Loading file: /tests/load-test.jmx
2025-11-23 21:36:31,325 INFO o.a.j.JMeter: Creating summariser <summary>
2025-11-23 21:36:31,337 INFO o.a.j.e.StandardJMeterEngine: Running the test!
2025-11-23 21:36:31,338 INFO o.a.j.s.SampleEvent: List of sample_variables: []
2025-11-23 21:36:31,338 INFO o.a.j.s.SampleEvent: List of sample_variables: []
2025-11-23 21:36:31,343 INFO o.a.j.e.u.CompoundVariable: Note: Function class names must contain the string: '.functions.'
2025-11-23 21:36:31,343 INFO o.a.j.e.u.CompoundVariable: Note: Function class names must not contain the string: '.gui.'
2025-11-23 21:36:31,786 INFO o.a.j.JMeter: Running test (1763930191786)
2025-11-23 21:36:31,834 INFO o.a.j.e.StandardJMeterEngine: Starting ThreadGroup: 1 : Users PRs Thread Group
2025-11-23 21:36:31,835 INFO o.a.j.e.StandardJMeterEngine: Starting 1 threads for group Users PRs Thread Group.
2025-11-23 21:36:31,835 INFO o.a.j.e.StandardJMeterEngine: Thread will continue on error
2025-11-23 21:36:31,835 INFO o.a.j.t.ThreadGroup: Starting thread group... number=1 threads=1 ramp-up=1 delayedStart=false
2025-11-23 21:36:31,840 INFO o.a.j.t.ThreadGroup: Started thread group number 1
2025-11-23 21:36:31,840 INFO o.a.j.e.StandardJMeterEngine: All thread groups have been started
2025-11-23 21:36:31,842 INFO o.a.j.t.JMeterThread: Thread started: Users PRs Thread Group 1-1
2025-11-23 21:36:31,854 INFO o.a.j.s.SampleResult: Note: Sample TimeStamps are START times
2025-11-23 21:36:31,854 INFO o.a.j.s.SampleResult: sampleresult.default.encoding is set to ISO-8859-1
2025-11-23 21:36:31,854 INFO o.a.j.s.SampleResult: sampleresult.useNanoTime=true
2025-11-23 21:36:31,854 INFO o.a.j.s.SampleResult: sampleresult.nanoThreadSleep=5000
2025-11-23 21:36:32,691 INFO o.a.j.p.h.s.HTTPSamplerBase: Parser for text/html is org.apache.jmeter.protocol.http.parser.LagartoBasedHtmlParser
2025-11-23 21:36:32,691 INFO o.a.j.p.h.s.HTTPSamplerBase: Parser for application/xhtml+xml is org.apache.jmeter.protocol.http.parser.LagartoBasedHtmlParser
2025-11-23 21:36:32,691 INFO o.a.j.p.h.s.HTTPSamplerBase: Parser for application/xml is org.apache.jmeter.protocol.http.parser.LagartoBasedHtmlParser
2025-11-23 21:36:32,691 INFO o.a.j.p.h.s.HTTPSamplerBase: Parser for text/xml is org.apache.jmeter.protocol.http.parser.LagartoBasedHtmlParser
2025-11-23 21:36:32,691 INFO o.a.j.p.h.s.HTTPSamplerBase: Parser for text/vnd.wap.wml is org.apache.jmeter.protocol.http.parser.RegexpHTMLParser
2025-11-23 21:36:32,691 INFO o.a.j.p.h.s.HTTPSamplerBase: Parser for text/css is org.apache.jmeter.protocol.http.parser.CssParser
2025-11-23 21:36:32,717 INFO o.a.j.p.h.s.HTTPHCAbstractImpl: Local host = 67c9dd7003d4
2025-11-23 21:36:32,723 INFO o.a.j.p.h.s.HTTPHC4Impl: HTTP request retry count = 0
2025-11-23 21:36:33,130 INFO o.a.j.r.Summariser: summary +      1 in 00:00:01 =    0.7/s Avg:  1265 Min:  1265 Max:  1265 Err:     0 (0.00%) Active: 1 Started: 1 Finished: 0
2025-11-23 21:36:33,130 INFO o.a.j.t.JMeterThread: Thread is done: Users PRs Thread Group 1-1
2025-11-23 21:36:33,130 INFO o.a.j.t.JMeterThread: Thread finished: Users PRs Thread Group 1-1
2025-11-23 21:36:33,131 INFO o.a.j.e.StandardJMeterEngine: Notifying test listeners of end of test
2025-11-23 21:36:33,131 INFO o.a.j.r.Summariser: summary =      1 in 00:00:01 =    0.7/s Avg:  1265 Min:  1265 Max:  1265 Err:     0 (0.00%)
